<?xml version="1.0" encoding="UTF-8"?>
<testsuite xmlns:xsi="http://www.w3.org/2001/XMLSchema-instance" xsi:noNamespaceSchemaLocation="https://maven.apache.org/surefire/maven-surefire-plugin/xsd/surefire-test-report-3.0.xsd" version="3.0" name="com.furnituredesign.models.FurnitureTest" time="0.031" tests="3" errors="1" skipped="0" failures="1">
  <properties>
    <property name="java.specification.version" value="23"/>
    <property name="sun.jnu.encoding" value="UTF-8"/>
    <property name="java.class.path" value="/Users/nisayurusandaneth/Documents/GitHub/Furniture-Visualizer/target/test-classes:/Users/nisayurusandaneth/Documents/GitHub/Furniture-Visualizer/target/classes:/Users/nisayurusandaneth/.m2/repository/org/openjfx/javafx-controls/21.0.1/javafx-controls-21.0.1.jar:/Users/nisayurusandaneth/.m2/repository/org/openjfx/javafx-controls/21.0.1/javafx-controls-21.0.1-mac.jar:/Users/nisayurusandaneth/.m2/repository/org/openjfx/javafx-fxml/21.0.1/javafx-fxml-21.0.1.jar:/Users/nisayurusandaneth/.m2/repository/org/openjfx/javafx-fxml/21.0.1/javafx-fxml-21.0.1-mac.jar:/Users/nisayurusandaneth/.m2/repository/org/openjfx/javafx-graphics/21.0.1/javafx-graphics-21.0.1.jar:/Users/nisayurusandaneth/.m2/repository/org/openjfx/javafx-graphics/21.0.1/javafx-graphics-21.0.1-mac.jar:/Users/nisayurusandaneth/.m2/repository/org/openjfx/javafx-media/21.0.1/javafx-media-21.0.1.jar:/Users/nisayurusandaneth/.m2/repository/org/openjfx/javafx-media/21.0.1/javafx-media-21.0.1-mac.jar:/Users/nisayurusandaneth/.m2/repository/org/openjfx/javafx-base/21.0.1/javafx-base-21.0.1.jar:/Users/nisayurusandaneth/.m2/repository/org/openjfx/javafx-base/21.0.1/javafx-base-21.0.1-mac.jar:/Users/nisayurusandaneth/.m2/repository/org/xerial/sqlite-jdbc/3.42.0.0/sqlite-jdbc-3.42.0.0.jar:/Users/nisayurusandaneth/.m2/repository/com/google/code/gson/gson/2.10.1/gson-2.10.1.jar:/Users/nisayurusandaneth/.m2/repository/de/javagl/obj/0.4.0/obj-0.4.0.jar:/Users/nisayurusandaneth/.m2/repository/commons-io/commons-io/2.13.0/commons-io-2.13.0.jar:/Users/nisayurusandaneth/.m2/repository/org/apache/commons/commons-lang3/3.13.0/commons-lang3-3.13.0.jar:/Users/nisayurusandaneth/.m2/repository/com/itextpdf/itextpdf/5.5.13.3/itextpdf-5.5.13.3.jar:/Users/nisayurusandaneth/.m2/repository/org/junit/jupiter/junit-jupiter-api/5.10.0/junit-jupiter-api-5.10.0.jar:/Users/nisayurusandaneth/.m2/repository/org/opentest4j/opentest4j/1.3.0/opentest4j-1.3.0.jar:/Users/nisayurusandaneth/.m2/repository/org/junit/platform/junit-platform-commons/1.10.0/junit-platform-commons-1.10.0.jar:/Users/nisayurusandaneth/.m2/repository/org/apiguardian/apiguardian-api/1.1.2/apiguardian-api-1.1.2.jar:/Users/nisayurusandaneth/.m2/repository/org/junit/jupiter/junit-jupiter-engine/5.10.0/junit-jupiter-engine-5.10.0.jar:/Users/nisayurusandaneth/.m2/repository/org/junit/platform/junit-platform-engine/1.10.0/junit-platform-engine-1.10.0.jar:/Users/nisayurusandaneth/.m2/repository/org/junit/jupiter/junit-jupiter-params/5.10.0/junit-jupiter-params-5.10.0.jar:"/>
    <property name="java.vm.vendor" value="Homebrew"/>
    <property name="sun.arch.data.model" value="64"/>
    <property name="java.vendor.url" value="https://github.com/Homebrew/homebrew-core/issues"/>
    <property name="os.name" value="Mac OS X"/>
    <property name="java.vm.specification.version" value="23"/>
    <property name="sun.java.launcher" value="SUN_STANDARD"/>
    <property name="user.country" value="LK"/>
    <property name="sun.boot.library.path" value="/usr/local/Cellar/openjdk/23.0.2/libexec/openjdk.jdk/Contents/Home/lib"/>
    <property name="sun.java.command" value="/Users/nisayurusandaneth/Documents/GitHub/Furniture-Visualizer/target/surefire/surefirebooter-20250509181111085_3.jar /Users/nisayurusandaneth/Documents/GitHub/Furniture-Visualizer/target/surefire 2025-05-09T18-11-07_394-jvmRun1 surefire-20250509181111085_1tmp surefire_0-20250509181111085_2tmp"/>
    <property name="http.nonProxyHosts" value="local|*.local|169.254/16|*.169.254/16"/>
    <property name="jdk.debug" value="release"/>
    <property name="surefire.test.class.path" value="/Users/nisayurusandaneth/Documents/GitHub/Furniture-Visualizer/target/test-classes:/Users/nisayurusandaneth/Documents/GitHub/Furniture-Visualizer/target/classes:/Users/nisayurusandaneth/.m2/repository/org/openjfx/javafx-controls/21.0.1/javafx-controls-21.0.1.jar:/Users/nisayurusandaneth/.m2/repository/org/openjfx/javafx-controls/21.0.1/javafx-controls-21.0.1-mac.jar:/Users/nisayurusandaneth/.m2/repository/org/openjfx/javafx-fxml/21.0.1/javafx-fxml-21.0.1.jar:/Users/nisayurusandaneth/.m2/repository/org/openjfx/javafx-fxml/21.0.1/javafx-fxml-21.0.1-mac.jar:/Users/nisayurusandaneth/.m2/repository/org/openjfx/javafx-graphics/21.0.1/javafx-graphics-21.0.1.jar:/Users/nisayurusandaneth/.m2/repository/org/openjfx/javafx-graphics/21.0.1/javafx-graphics-21.0.1-mac.jar:/Users/nisayurusandaneth/.m2/repository/org/openjfx/javafx-media/21.0.1/javafx-media-21.0.1.jar:/Users/nisayurusandaneth/.m2/repository/org/openjfx/javafx-media/21.0.1/javafx-media-21.0.1-mac.jar:/Users/nisayurusandaneth/.m2/repository/org/openjfx/javafx-base/21.0.1/javafx-base-21.0.1.jar:/Users/nisayurusandaneth/.m2/repository/org/openjfx/javafx-base/21.0.1/javafx-base-21.0.1-mac.jar:/Users/nisayurusandaneth/.m2/repository/org/xerial/sqlite-jdbc/3.42.0.0/sqlite-jdbc-3.42.0.0.jar:/Users/nisayurusandaneth/.m2/repository/com/google/code/gson/gson/2.10.1/gson-2.10.1.jar:/Users/nisayurusandaneth/.m2/repository/de/javagl/obj/0.4.0/obj-0.4.0.jar:/Users/nisayurusandaneth/.m2/repository/commons-io/commons-io/2.13.0/commons-io-2.13.0.jar:/Users/nisayurusandaneth/.m2/repository/org/apache/commons/commons-lang3/3.13.0/commons-lang3-3.13.0.jar:/Users/nisayurusandaneth/.m2/repository/com/itextpdf/itextpdf/5.5.13.3/itextpdf-5.5.13.3.jar:/Users/nisayurusandaneth/.m2/repository/org/junit/jupiter/junit-jupiter-api/5.10.0/junit-jupiter-api-5.10.0.jar:/Users/nisayurusandaneth/.m2/repository/org/opentest4j/opentest4j/1.3.0/opentest4j-1.3.0.jar:/Users/nisayurusandaneth/.m2/repository/org/junit/platform/junit-platform-commons/1.10.0/junit-platform-commons-1.10.0.jar:/Users/nisayurusandaneth/.m2/repository/org/apiguardian/apiguardian-api/1.1.2/apiguardian-api-1.1.2.jar:/Users/nisayurusandaneth/.m2/repository/org/junit/jupiter/junit-jupiter-engine/5.10.0/junit-jupiter-engine-5.10.0.jar:/Users/nisayurusandaneth/.m2/repository/org/junit/platform/junit-platform-engine/1.10.0/junit-platform-engine-1.10.0.jar:/Users/nisayurusandaneth/.m2/repository/org/junit/jupiter/junit-jupiter-params/5.10.0/junit-jupiter-params-5.10.0.jar:"/>
    <property name="sun.cpu.endian" value="little"/>
    <property name="user.home" value="/Users/nisayurusandaneth"/>
    <property name="user.language" value="en"/>
    <property name="java.specification.vendor" value="Oracle Corporation"/>
    <property name="java.version.date" value="2025-01-21"/>
    <property name="java.home" value="/usr/local/Cellar/openjdk/23.0.2/libexec/openjdk.jdk/Contents/Home"/>
    <property name="file.separator" value="/"/>
    <property name="basedir" value="/Users/nisayurusandaneth/Documents/GitHub/Furniture-Visualizer"/>
    <property name="java.vm.compressedOopsMode" value="Zero based"/>
    <property name="line.separator" value="&#10;"/>
    <property name="java.vm.specification.vendor" value="Oracle Corporation"/>
    <property name="java.specification.name" value="Java Platform API Specification"/>
    <property name="apple.awt.application.name" value="ForkedBooter"/>
    <property name="surefire.real.class.path" value="/Users/nisayurusandaneth/Documents/GitHub/Furniture-Visualizer/target/surefire/surefirebooter-20250509181111085_3.jar"/>
    <property name="sun.management.compiler" value="HotSpot 64-Bit Tiered Compilers"/>
    <property name="ftp.nonProxyHosts" value="local|*.local|169.254/16|*.169.254/16"/>
    <property name="java.runtime.version" value="23.0.2"/>
    <property name="user.name" value="nisayurusandaneth"/>
    <property name="stdout.encoding" value="UTF-8"/>
    <property name="path.separator" value=":"/>
    <property name="os.version" value="15.0.1"/>
    <property name="java.runtime.name" value="OpenJDK Runtime Environment"/>
    <property name="file.encoding" value="UTF-8"/>
    <property name="java.vm.name" value="OpenJDK 64-Bit Server VM"/>
    <property name="java.vendor.version" value="Homebrew"/>
    <property name="localRepository" value="/Users/nisayurusandaneth/.m2/repository"/>
    <property name="java.vendor.url.bug" value="https://github.com/Homebrew/homebrew-core/issues"/>
    <property name="java.io.tmpdir" value="/var/folders/d2/ykbrslcx0fz65ytg5f7xxkl00000gn/T/"/>
    <property name="java.version" value="23.0.2"/>
    <property name="user.dir" value="/Users/nisayurusandaneth/Documents/GitHub/Furniture-Visualizer"/>
    <property name="os.arch" value="x86_64"/>
    <property name="java.vm.specification.name" value="Java Virtual Machine Specification"/>
    <property name="native.encoding" value="UTF-8"/>
    <property name="java.library.path" value="/Users/nisayurusandaneth/Library/Java/Extensions:/Library/Java/Extensions:/Network/Library/Java/Extensions:/System/Library/Java/Extensions:/usr/lib/java:."/>
    <property name="java.vm.info" value="mixed mode, sharing"/>
    <property name="stderr.encoding" value="UTF-8"/>
    <property name="java.vendor" value="Homebrew"/>
    <property name="java.vm.version" value="23.0.2"/>
    <property name="sun.io.unicode.encoding" value="UnicodeBig"/>
    <property name="socksNonProxyHosts" value="local|*.local|169.254/16|*.169.254/16"/>
    <property name="java.class.version" value="67.0"/>
  </properties>
  <testcase name="testFurniturePosition" classname="com.furnituredesign.models.FurnitureTest" time="0.004"/>
  <testcase name="testFurnitureCreation" classname="com.furnituredesign.models.FurnitureTest" time="0.006">
    <error message="Unresolved compilation problem: &#10;	The method getType() is undefined for the type Material&#10;" type="java.lang.Error"><![CDATA[java.lang.Error: 
Unresolved compilation problem: 
	The method getType() is undefined for the type Material

	at com.furnituredesign.models.FurnitureTest.testFurnitureCreation(FurnitureTest.java:32)
	at java.base/java.lang.reflect.Method.invoke(Method.java:580)
	at java.base/java.util.ArrayList.forEach(ArrayList.java:1597)
	at java.base/java.util.ArrayList.forEach(ArrayList.java:1597)
]]></error>
  </testcase>
  <testcase name="testFurnitureDuplication" classname="com.furnituredesign.models.FurnitureTest" time="0.007">
    <failure message="expected: &lt;5.0&gt; but was: &lt;5.3&gt;" type="org.opentest4j.AssertionFailedError"><![CDATA[org.opentest4j.AssertionFailedError: expected: <5.0> but was: <5.3>
	at org.junit.jupiter.api.AssertionFailureBuilder.build(AssertionFailureBuilder.java:151)
	at org.junit.jupiter.api.AssertionFailureBuilder.buildAndThrow(AssertionFailureBuilder.java:132)
	at org.junit.jupiter.api.AssertEquals.failNotEqual(AssertEquals.java:197)
	at org.junit.jupiter.api.AssertEquals.assertEquals(AssertEquals.java:70)
	at org.junit.jupiter.api.AssertEquals.assertEquals(AssertEquals.java:65)
	at org.junit.jupiter.api.Assertions.assertEquals(Assertions.java:885)
	at com.furnituredesign.models.FurnitureTest.testFurnitureDuplication(FurnitureTest.java:67)
	at java.base/java.lang.reflect.Method.invoke(Method.java:580)
	at java.base/java.util.ArrayList.forEach(ArrayList.java:1597)
	at java.base/java.util.ArrayList.forEach(ArrayList.java:1597)
]]></failure>
  </testcase>
</testsuite>